<?xml version="1.0" encoding="UTF-8"?>
<!-- Generated by org.testng.reporters.JUnitXMLReporter -->
<testsuite hostname="LH7U05CG6504FXZ" name="Command line test" tests="1" failures="1" timestamp="22 Mar 2018 09:24:33 GMT" time="0.048" errors="0">
  <testcase name="verifyAccount" time="0.02" classname="foo.AppTest">
    <failure type="java.lang.NullPointerException">
      <![CDATA[java.lang.NullPointerException
	at foo.AppTest.verifyAccount(AppTest.java:33)
... Removed 33 stack frames]]>
    </failure>
  </testcase> <!-- verifyAccount -->
</testsuite> <!-- Command line test -->
